<?xml version="1.0" encoding="UTF-8"?>
<testsuite xmlns:xsi="http://www.w3.org/2001/XMLSchema-instance" xsi:noNamespaceSchemaLocation="https://maven.apache.org/surefire/maven-surefire-plugin/xsd/surefire-test-report-3.0.xsd" version="3.0" name="TestSuite" time="81.739" tests="5" errors="0" skipped="0" failures="0">
  <properties>
[...]
</properties>
  <testcase name="runScenario[&quot;login via email and password&quot;, &quot;Login functionality of registered user&quot;](1)" classname="cucumberOptions.TestRunner" time="60.678">
    <system-out><![CDATA[[TestNGContentHandler] [WARN] It is strongly recommended to add "<!DOCTYPE suite SYSTEM "http://testng.org/testng-1.0.dtd" >" at the top of your file, otherwise TestNG may fail or not work as expected.

@filterByPrice
Scenario Outline: Validating price by filter                               &amp#27;[90m# src/test/resources/features/B_validateFilterByPrice.feature:17&amp#27;[0m

@addCart
Scenario: Validate add to cart                                             &amp#27;[90m# src/test/resources/features/C_validateAddToCart.feature:4&amp#27;[0m

@login
Scenario: login via email and password                                     &amp#27;[90m# src/test/resources/features/A_validateLoginFunctionality.feature:4&amp#27;[0m

@filterByPrice
Scenario Outline: Validating price by filter                               &amp#27;[90m# src/test/resources/features/B_validateFilterByPrice.feature:15&amp#27;[0m

@filterByPrice
Scenario Outline: Validating price by filter                               &amp#27;[90m# src/test/resources/features/B_validateFilterByPrice.feature:16&amp#27;[0m
GRID STARTED
GRID STARTED
GRID STARTED
GRID STARTED
GRID STARTED
  &amp#27;[32mGiven &amp#27;[0m&amp#27;[32muser is home page&amp#27;[0m                                                  &amp#27;[90m# stepDefinations.A_LoginStep.user_is_home_page()&amp#27;[0m
  &amp#27;[32mGiven &amp#27;[0m&amp#27;[32muser is home page&amp#27;[0m                                                  &amp#27;[90m# stepDefinations.A_LoginStep.user_is_home_page()&amp#27;[0m
  &amp#27;[32mGiven &amp#27;[0m&amp#27;[32muser is home page&amp#27;[0m                                                  &amp#27;[90m# stepDefinations.A_LoginStep.user_is_home_page()&amp#27;[0m
  &amp#27;[32mGiven &amp#27;[0m&amp#27;[32muser is home page&amp#27;[0m                                                  &amp#27;[90m# stepDefinations.A_LoginStep.user_is_home_page()&amp#27;[0m
  &amp#27;[32mGiven &amp#27;[0m&amp#27;[32muser is home page&amp#27;[0m                                                  &amp#27;[90m# stepDefinations.A_LoginStep.user_is_home_page()&amp#27;[0m
  &amp#27;[32mWhen &amp#27;[0m&amp#27;[32mclicks login&amp#27;[0m                                                        &amp#27;[90m# stepDefinations.A_LoginStep.clicks_login()&amp#27;[0m
  &amp#27;[32mWhen &amp#27;[0m&amp#27;[32mclicks login&amp#27;[0m                                                        &amp#27;[90m# stepDefinations.A_LoginStep.clicks_login()&amp#27;[0m
  &amp#27;[32mWhen &amp#27;[0m&amp#27;[32mclicks login&amp#27;[0m                                                        &amp#27;[90m# stepDefinations.A_LoginStep.clicks_login()&amp#27;[0m
  &amp#27;[32mWhen &amp#27;[0m&amp#27;[32mclicks login&amp#27;[0m                                                        &amp#27;[90m# stepDefinations.A_LoginStep.clicks_login()&amp#27;[0m
  &amp#27;[32mWhen &amp#27;[0m&amp#27;[32mclicks login&amp#27;[0m                                                        &amp#27;[90m# stepDefinations.A_LoginStep.clicks_login()&amp#27;[0m
  &amp#27;[32mAnd &amp#27;[0m&amp#27;[32muser enters email &amp#27;[0m&amp#27;[32m&amp#27;[1m"priyankauser@gmail.com"&amp#27;[0m&amp#27;[32m and password &amp#27;[0m&amp#27;[32m&amp#27;[1m"Priyanka@1"&amp#27;[0m &amp#27;[90m# stepDefinations.A_LoginStep.user_enters_email_and_password(java.lang.String,java.lang.String)&amp#27;[0m
  &amp#27;[32mAnd &amp#27;[0m&amp#27;[32muser enters email &amp#27;[0m&amp#27;[32m&amp#27;[1m"priyankauser@gmail.com"&amp#27;[0m&amp#27;[32m and password &amp#27;[0m&amp#27;[32m&amp#27;[1m"Priyanka@1"&amp#27;[0m &amp#27;[90m# stepDefinations.A_LoginStep.user_enters_email_and_password(java.lang.String,java.lang.String)&amp#27;[0m
  &amp#27;[32mAnd &amp#27;[0m&amp#27;[32muser enters email &amp#27;[0m&amp#27;[32m&amp#27;[1m"priyankauser@gmail.com"&amp#27;[0m&amp#27;[32m and password &amp#27;[0m&amp#27;[32m&amp#27;[1m"Priyanka@1"&amp#27;[0m &amp#27;[90m# stepDefinations.A_LoginStep.user_enters_email_and_password(java.lang.String,java.lang.String)&amp#27;[0m
  &amp#27;[32mAnd &amp#27;[0m&amp#27;[32muser enters email &amp#27;[0m&amp#27;[32m&amp#27;[1m"priyankauser@gmail.com"&amp#27;[0m&amp#27;[32m and password &amp#27;[0m&amp#27;[32m&amp#27;[1m"Priyanka@1"&amp#27;[0m &amp#27;[90m# stepDefinations.A_LoginStep.user_enters_email_and_password(java.lang.String,java.lang.String)&amp#27;[0m
  &amp#27;[32mAnd &amp#27;[0m&amp#27;[32muser enters email &amp#27;[0m&amp#27;[32m&amp#27;[1m"priyankauser@gmail.com"&amp#27;[0m&amp#27;[32m and password &amp#27;[0m&amp#27;[32m&amp#27;[1m"Priyanka@1"&amp#27;[0m &amp#27;[90m# stepDefinations.A_LoginStep.user_enters_email_and_password(java.lang.String,java.lang.String)&amp#27;[0m
  &amp#27;[32mThen &amp#27;[0m&amp#27;[32muser is sucessfully logged in&amp#27;[0m                                       &amp#27;[90m# stepDefinations.A_LoginStep.user_is_sucessfully_logged_in()&amp#27;[0m
  &amp#27;[32mThen &amp#27;[0m&amp#27;[32muser is sucessfully logged in&amp#27;[0m                                       &amp#27;[90m# stepDefinations.A_LoginStep.user_is_sucessfully_logged_in()&amp#27;[0m
  &amp#27;[32mThen &amp#27;[0m&amp#27;[32muser is sucessfully logged in&amp#27;[0m                                       &amp#27;[90m# stepDefinations.A_LoginStep.user_is_sucessfully_logged_in()&amp#27;[0m
  &amp#27;[32mThen &amp#27;[0m&amp#27;[32muser is sucessfully logged in&amp#27;[0m                                       &amp#27;[90m# stepDefinations.A_LoginStep.user_is_sucessfully_logged_in()&amp#27;[0m
  &amp#27;[32mThen &amp#27;[0m&amp#27;[32muser is sucessfully logged in&amp#27;[0m                                       &amp#27;[90m# stepDefinations.A_LoginStep.user_is_sucessfully_logged_in()&amp#27;[0m
  &amp#27;[32mAnd &amp#27;[0m&amp#27;[32muser is on search screen and in stock is checked&amp#27;[0m                     &amp#27;[90m# stepDefinations.A_LoginStep.user_is_on_search_screen_and_in_stock_is_checked()&amp#27;[0m
  &amp#27;[32mAnd &amp#27;[0m&amp#27;[32muser is on search screen and in stock is checked&amp#27;[0m                     &amp#27;[90m# stepDefinations.A_LoginStep.user_is_on_search_screen_and_in_stock_is_checked()&amp#27;[0m
REACHED CART
]]></system-out>
    <system-err><![CDATA[SLF4J: Failed to load class "org.slf4j.impl.StaticLoggerBinder".
SLF4J: Defaulting to no-operation (NOP) logger implementation
SLF4J: See http://www.slf4j.org/codes.html#StaticLoggerBinder for further details.
Apr 07, 2026 10:18:57 PM org.openqa.selenium.remote.tracing.opentelemetry.OpenTelemetryTracer createTracer
INFO: Using OpenTelemetry for tracing
]]></system-err>
  </testcase>
  <testcase name="runScenario[&quot;Validating price by filter&quot;, &quot;Validating price by filter functionality&quot;](2)" classname="cucumberOptions.TestRunner" time="64.67">
    <system-out><![CDATA[CLEAR FILTER is clicked
  &amp#27;[32mGiven &amp#27;[0m&amp#27;[32mclear filter is applied&amp#27;[0m                                            &amp#27;[90m# stepDefinations.C_AddToCartStep.user_is_on_the_search_page_and_clear_filter_is_applied()&amp#27;[0m
  &amp#27;[32mAnd &amp#27;[0m&amp#27;[32muser is on search screen and in stock is checked&amp#27;[0m                     &amp#27;[90m# stepDefinations.A_LoginStep.user_is_on_search_screen_and_in_stock_is_checked()&amp#27;[0m
  &amp#27;[32mAnd &amp#27;[0m&amp#27;[32muser is on search screen and in stock is checked&amp#27;[0m                     &amp#27;[90m# stepDefinations.A_LoginStep.user_is_on_search_screen_and_in_stock_is_checked()&amp#27;[0m
size:1
  &amp#27;[32mWhen &amp#27;[0m&amp#27;[32mRange &amp#27;[0m&amp#27;[32m&amp#27;[1m"Above â‚¹70"&amp#27;[0m&amp#27;[32m is selected&amp#27;[0m                                       &amp#27;[90m# stepDefinations.B_ValidateFilterByPriceStep.range_is_selected(java.lang.String)&amp#27;[0m
79
URL lasthttps://www.engineerdiaries.com/framework
  &amp#27;[32mThen &amp#27;[0m&amp#27;[32mprice is validated&amp#27;[0m                                                  &amp#27;[90m# stepDefinations.B_ValidateFilterByPriceStep.price_is_validated()&amp#27;[0m
size:4
  &amp#27;[32mWhen &amp#27;[0m&amp#27;[32mRange &amp#27;[0m&amp#27;[32m&amp#27;[1m"Below â‚¹60"&amp#27;[0m&amp#27;[32m is selected&amp#27;[0m                                       &amp#27;[90m# stepDefinations.B_ValidateFilterByPriceStep.range_is_selected(java.lang.String)&amp#27;[0m
59
]]></system-out>
  </testcase>
  <testcase name="runScenario[&quot;Validating price by filter&quot;, &quot;Validating price by filter functionality&quot;](3)" classname="cucumberOptions.TestRunner" time="66.192">
    <system-out><![CDATA[45
35

URL lasthttps://www.engineerdiaries.com/framework
  &amp#27;[32mThen &amp#27;[0m&amp#27;[32mprice is validated&amp#27;[0m                                                  &amp#27;[90m# stepDefinations.B_ValidateFilterByPriceStep.price_is_validated()&amp#27;[0m
size:1
  &amp#27;[32mWhen &amp#27;[0m&amp#27;[32mRange &amp#27;[0m&amp#27;[32m&amp#27;[1m"â‚¹60 - â‚¹70"&amp#27;[0m&amp#27;[32m is selected&amp#27;[0m                                       &amp#27;[90m# stepDefinations.B_ValidateFilterByPriceStep.range_is_selected(java.lang.String)&amp#27;[0m
69
URL lasthttps://www.engineerdiaries.com/framework
  &amp#27;[32mThen &amp#27;[0m&amp#27;[32mprice is validated&amp#27;[0m                                                  &amp#27;[90m# stepDefinations.B_ValidateFilterByPriceStep.price_is_validated()&amp#27;[0m
]]></system-out>
  </testcase>
  <testcase name="runScenario[&quot;Validating price by filter&quot;, &quot;Validating price by filter functionality&quot;](4)" classname="cucumberOptions.TestRunner" time="67.063"/>
  <testcase name="runScenario[&quot;Validate add to cart&quot;, &quot;Validate add to cart functionality&quot;](5)" classname="cucumberOptions.TestRunner" time="77.788">
    <system-out><![CDATA[  &amp#27;[32mWhen &amp#27;[0m&amp#27;[32muser search flower &amp#27;[0m&amp#27;[32m&amp#27;[1m"Rose"&amp#27;[0m&amp#27;[32m and quantity &amp#27;[0m&amp#27;[32m&amp#27;[1m"3"&amp#27;[0m                          &amp#27;[90m# stepDefinations.C_AddToCartStep.user_search_flower_and_quantity(java.lang.String,java.lang.String)&amp#27;[0m
FLOWER:Rose
  &amp#27;[32mThen &amp#27;[0m&amp#27;[32mvalidate correct item is added&amp#27;[0m                                      &amp#27;[90m# stepDefinations.C_AddToCartStep.validate_correct_item_is_added()&amp#27;[0m
3
  &amp#27;[32mAnd &amp#27;[0m&amp#27;[32mvalidate correct item quantity&amp#27;[0m                                       &amp#27;[90m# stepDefinations.C_AddToCartStep.validate_correct_item_quantity()&amp#27;[0m
]]></system-out>
  </testcase>
</testsuite>