<?xml version="1.0" encoding="UTF-8"?>
<testng-results ignored="0" total="5" passed="5" failed="0" skipped="0">
  <reporter-output>
  </reporter-output>
  <suite started-at="2026-04-07T16:48:56Z" name="Suite" finished-at="2026-04-07T16:50:14Z" duration-ms="78413">
    <groups>
      <group name="cucumber">
        <method signature="AbstractTestNGCucumberTests.runScenario(io.cucumber.testng.PickleWrapper, io.cucumber.testng.FeatureWrapper)[pri:0, instance:cucumberOptions.TestRunner@539d019]" name="runScenario" class="io.cucumber.testng.AbstractTestNGCucumberTests"/>
      </group> <!-- cucumber -->
    </groups>
    <test started-at="2026-04-07T16:48:56Z" name="Test" finished-at="2026-04-07T16:50:14Z" duration-ms="78413">
      <class name="cucumberOptions.TestRunner">
        <test-method is-config="true" signature="setUpClass(org.testng.ITestContext)[pri:0, instance:cucumberOptions.TestRunner@539d019]" started-at="2026-04-07T16:48:56Z" name="setUpClass" finished-at="2026-04-07T16:48:57Z" duration-ms="564" status="PASS">
          <params>
            <param index="0">
              <value>
                <![CDATA[org.testng.TestRunner@6aa3a905]]>
              </value>
            </param>
          </params>
          <reporter-output>
          </reporter-output>
        </test-method> <!-- setUpClass -->
        <test-method signature="runScenario(io.cucumber.testng.PickleWrapper, io.cucumber.testng.FeatureWrapper)[pri:0, instance:cucumberOptions.TestRunner@539d019]" started-at="2026-04-07T16:48:57Z" name="runScenario" description="Runs Cucumber Scenarios" data-provider="scenarios" finished-at="2026-04-07T16:50:03Z" duration-ms="66193" status="PASS">
          <params>
            <param index="0">
              <value>
                <![CDATA["Validating price by filter"]]>
              </value>
            </param>
            <param index="1">
              <value>
                <![CDATA["Validating price by filter functionality"]]>
              </value>
            </param>
          </params>
          <reporter-output>
          </reporter-output>
        </test-method> <!-- runScenario -->
        <test-method signature="runScenario(io.cucumber.testng.PickleWrapper, io.cucumber.testng.FeatureWrapper)[pri:0, instance:cucumberOptions.TestRunner@539d019]" started-at="2026-04-07T16:48:57Z" name="runScenario" description="Runs Cucumber Scenarios" data-provider="scenarios" finished-at="2026-04-07T16:50:04Z" duration-ms="67066" status="PASS">
          <params>
            <param index="0">
              <value>
                <![CDATA["Validating price by filter"]]>
              </value>
            </param>
            <param index="1">
              <value>
                <![CDATA["Validating price by filter functionality"]]>
              </value>
            </param>
          </params>
          <reporter-output>
          </reporter-output>
        </test-method> <!-- runScenario -->
        <test-method signature="runScenario(io.cucumber.testng.PickleWrapper, io.cucumber.testng.FeatureWrapper)[pri:0, instance:cucumberOptions.TestRunner@539d019]" started-at="2026-04-07T16:48:57Z" name="runScenario" description="Runs Cucumber Scenarios" data-provider="scenarios" finished-at="2026-04-07T16:49:57Z" duration-ms="60564" status="PASS">
          <params>
            <param index="0">
              <value>
                <![CDATA["login via email and password"]]>
              </value>
            </param>
            <param index="1">
              <value>
                <![CDATA["Login functionality of registered user"]]>
              </value>
            </param>
          </params>
          <reporter-output>
          </reporter-output>
        </test-method> <!-- runScenario -->
        <test-method signature="runScenario(io.cucumber.testng.PickleWrapper, io.cucumber.testng.FeatureWrapper)[pri:0, instance:cucumberOptions.TestRunner@539d019]" started-at="2026-04-07T16:48:57Z" name="runScenario" description="Runs Cucumber Scenarios" data-provider="scenarios" finished-at="2026-04-07T16:50:01Z" duration-ms="64673" status="PASS">
          <params>
            <param index="0">
              <value>
                <![CDATA["Validating price by filter"]]>
              </value>
            </param>
            <param index="1">
              <value>
                <![CDATA["Validating price by filter functionality"]]>
              </value>
            </param>
          </params>
          <reporter-output>
          </reporter-output>
        </test-method> <!-- runScenario -->
        <test-method signature="runScenario(io.cucumber.testng.PickleWrapper, io.cucumber.testng.FeatureWrapper)[pri:0, instance:cucumberOptions.TestRunner@539d019]" started-at="2026-04-07T16:48:57Z" name="runScenario" description="Runs Cucumber Scenarios" data-provider="scenarios" finished-at="2026-04-07T16:50:14Z" duration-ms="77792" status="PASS">
          <params>
            <param index="0">
              <value>
                <![CDATA["Validate add to cart"]]>
              </value>
            </param>
            <param index="1">
              <value>
                <![CDATA["Validate add to cart functionality"]]>
              </value>
            </param>
          </params>
          <reporter-output>
          </reporter-output>
        </test-method> <!-- runScenario -->
        <test-method is-config="true" signature="tearDownClass()[pri:0, instance:cucumberOptions.TestRunner@539d019]" started-at="2026-04-07T16:50:14Z" name="tearDownClass" finished-at="2026-04-07T16:50:14Z" duration-ms="7" status="PASS">
          <reporter-output>
          </reporter-output>
        </test-method> <!-- tearDownClass -->
      </class> <!-- cucumberOptions.TestRunner -->
    </test> <!-- Test -->
  </suite> <!-- Suite -->
</testng-results>
