<?xml version="1.0" encoding="UTF-8"?>
<!-- Generated by org.testng.reporters.JUnitReportReporter -->
<testsuite hostname="DESKTOP-A54I250" failures="0" tests="5" name="cucumberOptions.TestRunner" time="82.667" errors="0" timestamp="03 Apr 2026 16:40:12 GMT" skipped="0">
  <testcase classname="cucumberOptions.TestRunner" name="runScenario" time="15.600"/>
  <testcase classname="cucumberOptions.TestRunner" name="runScenario" time="25.393"/>
  <testcase classname="cucumberOptions.TestRunner" name="runScenario" time="16.462"/>
  <testcase classname="cucumberOptions.TestRunner" name="runScenario" time="9.161"/>
  <testcase classname="cucumberOptions.TestRunner" name="runScenario" time="16.051"/>
</testsuite> <!-- cucumberOptions.TestRunner -->
