<?xml version="1.0" encoding="UTF-8"?>
<!-- Generated by org.testng.reporters.JUnitReportReporter -->
<testsuite hostname="DESKTOP-A54I250" failures="0" tests="5" name="cucumberOptions.TestRunner" time="336.288" errors="0" timestamp="07 Apr 2026 16:50:15 GMT" skipped="0">
  <testcase classname="cucumberOptions.TestRunner" name="runScenario" time="66.193"/>
  <testcase classname="cucumberOptions.TestRunner" name="runScenario" time="67.066"/>
  <testcase classname="cucumberOptions.TestRunner" name="runScenario" time="60.564"/>
  <testcase classname="cucumberOptions.TestRunner" name="runScenario" time="64.673"/>
  <testcase classname="cucumberOptions.TestRunner" name="runScenario" time="77.792"/>
</testsuite> <!-- cucumberOptions.TestRunner -->
